<?xml version="1.0" encoding="UTF-8"?>
<!-- Generated by org.testng.reporters.JUnitReportReporter -->
<testsuite skipped="0" hostname="EPINHYDW0834" name="com.epam.tam.module.tests.RunnerTest" tests="9" failures="0" timestamp="17 Jan 2018 09:08:31 GMT" time="21.530" errors="0">
  <testcase name="addImplicitly" time="1.164" classname="com.epam.tam.module.tests.RunnerTest"/>
  <testcase name="verifyHomePage" time="7.910" classname="com.epam.tam.module.tests.RunnerTest"/>
  <testcase name="verifyOriginValue" time="0.481" classname="com.epam.tam.module.tests.RunnerTest"/>
  <testcase name="verifyDestinationValueNegative" time="0.204" classname="com.epam.tam.module.tests.RunnerTest"/>
  <testcase name="verifyDestinationValue" time="0.393" classname="com.epam.tam.module.tests.RunnerTest"/>
  <testcase name="selectDepartureDate" time="0.371" classname="com.epam.tam.module.tests.RunnerTest"/>
  <testcase name="selectReturnDate" time="3.243" classname="com.epam.tam.module.tests.RunnerTest"/>
  <testcase name="verifyPassengers" time="2.385" classname="com.epam.tam.module.tests.RunnerTest"/>
  <testcase name="verifySearchPage" time="5.379" classname="com.epam.tam.module.tests.RunnerTest"/>
</testsuite> <!-- com.epam.tam.module.tests.RunnerTest -->
