<?xml version="1.0" encoding="UTF-8"?>
<!-- Generated by org.testng.reporters.JUnitReportReporter -->
<testsuite skipped="0" hostname="EPINHYDW0834" name="com.epam.tam.apitest.test.RestAssuredDemo" tests="4" failures="0" timestamp="03 Jan 2018 12:00:13 GMT" time="0.085" errors="0">
  <testcase name="checkStatusCode" time="0.013" classname="com.epam.tam.apitest.test.RestAssuredDemo"/>
  <testcase name="checkResponseHeader" time="0.001" classname="com.epam.tam.apitest.test.RestAssuredDemo"/>
  <testcase name="checkNumberOfObjects" time="0.067" classname="com.epam.tam.apitest.test.RestAssuredDemo"/>
  <testcase name="printObjects" time="0.004" classname="com.epam.tam.apitest.test.RestAssuredDemo"/>
</testsuite> <!-- com.epam.tam.apitest.test.RestAssuredDemo -->
