<?xml version="1.0" encoding="UTF-8"?>
<!-- Generated by org.testng.reporters.JUnitReportReporter -->
<testsuite skipped="0" hostname="EPINHYDW0834" name="com.epam.tam.apitest.test.RestTemplateDemo" tests="5" failures="0" timestamp="14 Dec 2017 06:37:57 GMT" time="0.016" errors="0">
  <testcase name="checkStatusCodeValue" time="0.000" classname="com.epam.tam.apitest.test.RestTemplateDemo"/>
  <testcase name="checkNumberOfObjects" time="0.016" classname="com.epam.tam.apitest.test.RestTemplateDemo"/>
  <testcase name="checkResponseHeader" time="0.000" classname="com.epam.tam.apitest.test.RestTemplateDemo"/>
  <testcase name="checkStatusCode" time="0.000" classname="com.epam.tam.apitest.test.RestTemplateDemo"/>
  <testcase name="printObjects" time="0.000" classname="com.epam.tam.apitest.test.RestTemplateDemo"/>
</testsuite> <!-- com.epam.tam.apitest.test.RestTemplateDemo -->
