<?xml version="1.0" encoding="UTF-8"?>
<!-- Generated by org.testng.reporters.JUnitReportReporter -->
<testsuite skipped="0" hostname="EPINHYDW0834" name="com.epam.tam.module.RunnerTest" tests="8" failures="0" timestamp="05 Jan 2018 06:15:26 GMT" time="49.204" errors="0">
  <testcase name="Open" time="17.833" classname="com.epam.tam.module.RunnerTest"/>
  <testcase name="originField" time="0.477" classname="com.epam.tam.module.RunnerTest"/>
  <testcase name="destinationField" time="0.690" classname="com.epam.tam.module.RunnerTest"/>
  <testcase name="selectDepartureDate" time="2.361" classname="com.epam.tam.module.RunnerTest"/>
  <testcase name="selectReturnDate" time="22.345" classname="com.epam.tam.module.RunnerTest"/>
  <testcase name="selectPassengers" time="0.452" classname="com.epam.tam.module.RunnerTest"/>
  <testcase name="verifyPassengers" time="0.026" classname="com.epam.tam.module.RunnerTest"/>
  <testcase name="performSearch" time="5.020" classname="com.epam.tam.module.RunnerTest"/>
</testsuite> <!-- com.epam.tam.module.RunnerTest -->
